<?xml version="1.0" encoding="UTF-8"?>
<!-- Generated by org.testng.reporters.JUnitXMLReporter -->
<testsuite hostname="LAPTOP-6JMK0K9K" ignored="0" name="Test" tests="3" failures="0" timestamp="2022-08-17T12:34:12 IST" time="0.037" errors="0">
  <testcase name="sample" time="0.015" classname="qaclickacademy.mavenjava.Sample_Test"/>
  <testcase name="second_sample" time="0.0" classname="qaclickacademy.mavenjava.Sample_Test"/>
  <testcase name="third_sample" time="0.0" classname="qaclickacademy.mavenjava.Sample_Test"/>
</testsuite> <!-- Test -->
