<?xml version="1.0" encoding="UTF-8"?>
<testsuite xmlns:xsi="http://www.w3.org/2001/XMLSchema-instance" xsi:noNamespaceSchemaLocation="https://maven.apache.org/surefire/maven-surefire-plugin/xsd/surefire-test-report-3.0.xsd" version="3.0" name="TestSuite" time="0.426" tests="3" errors="0" skipped="0" failures="0">
  <properties>
[...]
</properties>
  <testcase name="sample" classname="qaclickacademy.mavenjava.Sample_Test" time="0.006">
    <system-out><![CDATA[First project in Maven
]]></system-out>
  </testcase>
  <testcase name="second_sample" classname="qaclickacademy.mavenjava.Sample_Test" time="0.004">
    <system-out><![CDATA[second program
]]></system-out>
  </testcase>
  <testcase name="third_sample" classname="qaclickacademy.mavenjava.Sample_Test" time="0.012">
    <system-out><![CDATA[Maven Program
]]></system-out>
  </testcase>
</testsuite>