<?xml version="1.0" encoding="UTF-8"?>
<testng-results skipped="0" failed="0" ignored="0" total="3" passed="3">
  <reporter-output>
  </reporter-output>
  <suite name="Suite" duration-ms="37" started-at="2022-08-17T12:34:12 IST" finished-at="2022-08-17T12:34:12 IST">
    <groups>
    </groups>
    <test name="Test" duration-ms="37" started-at="2022-08-17T12:34:12 IST" finished-at="2022-08-17T12:34:12 IST">
      <class name="qaclickacademy.mavenjava.Sample_Test">
        <test-method status="PASS" signature="sample()[pri:0, instance:qaclickacademy.mavenjava.Sample_Test@72b6cbcc]" name="sample" duration-ms="15" started-at="2022-08-17T12:34:12 IST" finished-at="2022-08-17T12:34:12 IST">
          <reporter-output>
          </reporter-output>
        </test-method> <!-- sample -->
        <test-method status="PASS" signature="second_sample()[pri:0, instance:qaclickacademy.mavenjava.Sample_Test@72b6cbcc]" name="second_sample" duration-ms="0" started-at="2022-08-17T12:34:12 IST" finished-at="2022-08-17T12:34:12 IST">
          <reporter-output>
          </reporter-output>
        </test-method> <!-- second_sample -->
        <test-method status="PASS" signature="third_sample()[pri:0, instance:qaclickacademy.mavenjava.Sample_Test@72b6cbcc]" name="third_sample" duration-ms="0" started-at="2022-08-17T12:34:12 IST" finished-at="2022-08-17T12:34:12 IST">
          <reporter-output>
          </reporter-output>
        </test-method> <!-- third_sample -->
      </class> <!-- qaclickacademy.mavenjava.Sample_Test -->
    </test> <!-- Test -->
  </suite> <!-- Suite -->
</testng-results>
