<?xml version="1.0" encoding="UTF-8"?>
<!-- Generated by org.testng.reporters.JUnitXMLReporter -->
<testsuite hostname="LAPTOP-6JMK0K9K" ignored="0" name="Command line test" tests="3" failures="0" timestamp="2022-08-17T12:33:44 IST" time="0.032" errors="0">
  <testcase name="sample" time="0.0" classname="qaclickacademy.mavenjava.Sample_Test"/>
  <testcase name="second_sample" time="0.0" classname="qaclickacademy.mavenjava.Sample_Test"/>
  <testcase name="third_sample" time="0.0" classname="qaclickacademy.mavenjava.Sample_Test"/>
</testsuite> <!-- Command line test -->
